<?xml version="1.0" encoding="UTF-8"?>
<testsuite xmlns:xsi="http://www.w3.org/2001/XMLSchema-instance" xsi:noNamespaceSchemaLocation="https://maven.apache.org/surefire/maven-surefire-plugin/xsd/surefire-test-report.xsd" name="com.redhat.consultingbr.testekieserver.TesteKieserverApplicationTests" time="29.465" tests="1" errors="0" skipped="0" failures="0">
  <properties>
    <property name="gopherProxySet" value="false"/>
    <property name="awt.toolkit" value="sun.lwawt.macosx.LWCToolkit"/>
    <property name="file.encoding.pkg" value="sun.io"/>
    <property name="java.specification.version" value="1.8"/>
    <property name="sun.cpu.isalist" value=""/>
    <property name="sun.jnu.encoding" value="UTF-8"/>
    <property name="java.class.path" value="/Users/jonascavalcantineto/Downloads/teste-kieserver/target/test-classes:/Users/jonascavalcantineto/Downloads/teste-kieserver/target/classes:/Users/jonascavalcantineto/.m2/repository/org/springframework/boot/spring-boot-starter-web/2.2.6.RELEASE/spring-boot-starter-web-2.2.6.RELEASE.jar:/Users/jonascavalcantineto/.m2/repository/org/springframework/boot/spring-boot-starter/2.2.6.RELEASE/spring-boot-starter-2.2.6.RELEASE.jar:/Users/jonascavalcantineto/.m2/repository/org/springframework/boot/spring-boot/2.2.6.RELEASE/spring-boot-2.2.6.RELEASE.jar:/Users/jonascavalcantineto/.m2/repository/org/springframework/boot/spring-boot-autoconfigure/2.2.6.RELEASE/spring-boot-autoconfigure-2.2.6.RELEASE.jar:/Users/jonascavalcantineto/.m2/repository/org/springframework/boot/spring-boot-starter-logging/2.2.6.RELEASE/spring-boot-starter-logging-2.2.6.RELEASE.jar:/Users/jonascavalcantineto/.m2/repository/org/apache/logging/log4j/log4j-to-slf4j/2.12.1/log4j-to-slf4j-2.12.1.jar:/Users/jonascavalcantineto/.m2/repository/org/apache/logging/log4j/log4j-api/2.12.1/log4j-api-2.12.1.jar:/Users/jonascavalcantineto/.m2/repository/org/slf4j/jul-to-slf4j/1.7.30/jul-to-slf4j-1.7.30.jar:/Users/jonascavalcantineto/.m2/repository/org/yaml/snakeyaml/1.25/snakeyaml-1.25.jar:/Users/jonascavalcantineto/.m2/repository/org/springframework/boot/spring-boot-starter-json/2.2.6.RELEASE/spring-boot-starter-json-2.2.6.RELEASE.jar:/Users/jonascavalcantineto/.m2/repository/com/fasterxml/jackson/datatype/jackson-datatype-jdk8/2.10.3/jackson-datatype-jdk8-2.10.3.jar:/Users/jonascavalcantineto/.m2/repository/com/fasterxml/jackson/datatype/jackson-datatype-jsr310/2.10.3/jackson-datatype-jsr310-2.10.3.jar:/Users/jonascavalcantineto/.m2/repository/com/fasterxml/jackson/module/jackson-module-parameter-names/2.10.3/jackson-module-parameter-names-2.10.3.jar:/Users/jonascavalcantineto/.m2/repository/org/springframework/boot/spring-boot-starter-validation/2.2.6.RELEASE/spring-boot-starter-validation-2.2.6.RELEASE.jar:/Users/jonascavalcantineto/.m2/repository/jakarta/validation/jakarta.validation-api/2.0.2/jakarta.validation-api-2.0.2.jar:/Users/jonascavalcantineto/.m2/repository/org/hibernate/validator/hibernate-validator/6.0.18.Final/hibernate-validator-6.0.18.Final.jar:/Users/jonascavalcantineto/.m2/repository/org/jboss/logging/jboss-logging/3.4.1.Final/jboss-logging-3.4.1.Final.jar:/Users/jonascavalcantineto/.m2/repository/com/fasterxml/classmate/1.5.1/classmate-1.5.1.jar:/Users/jonascavalcantineto/.m2/repository/org/springframework/spring-web/5.2.5.RELEASE/spring-web-5.2.5.RELEASE.jar:/Users/jonascavalcantineto/.m2/repository/org/springframework/spring-beans/5.2.5.RELEASE/spring-beans-5.2.5.RELEASE.jar:/Users/jonascavalcantineto/.m2/repository/org/springframework/spring-webmvc/5.2.5.RELEASE/spring-webmvc-5.2.5.RELEASE.jar:/Users/jonascavalcantineto/.m2/repository/org/springframework/spring-aop/5.2.5.RELEASE/spring-aop-5.2.5.RELEASE.jar:/Users/jonascavalcantineto/.m2/repository/org/springframework/spring-context/5.2.5.RELEASE/spring-context-5.2.5.RELEASE.jar:/Users/jonascavalcantineto/.m2/repository/org/springframework/spring-expression/5.2.5.RELEASE/spring-expression-5.2.5.RELEASE.jar:/Users/jonascavalcantineto/.m2/repository/org/springframework/boot/spring-boot-starter-tomcat/2.2.6.RELEASE/spring-boot-starter-tomcat-2.2.6.RELEASE.jar:/Users/jonascavalcantineto/.m2/repository/jakarta/annotation/jakarta.annotation-api/1.3.5/jakarta.annotation-api-1.3.5.jar:/Users/jonascavalcantineto/.m2/repository/org/apache/tomcat/embed/tomcat-embed-core/9.0.33/tomcat-embed-core-9.0.33.jar:/Users/jonascavalcantineto/.m2/repository/org/apache/tomcat/embed/tomcat-embed-el/9.0.33/tomcat-embed-el-9.0.33.jar:/Users/jonascavalcantineto/.m2/repository/org/apache/tomcat/embed/tomcat-embed-websocket/9.0.33/tomcat-embed-websocket-9.0.33.jar:/Users/jonascavalcantineto/.m2/repository/org/springframework/boot/spring-boot-starter-test/2.2.6.RELEASE/spring-boot-starter-test-2.2.6.RELEASE.jar:/Users/jonascavalcantineto/.m2/repository/org/springframework/boot/spring-boot-test/2.2.6.RELEASE/spring-boot-test-2.2.6.RELEASE.jar:/Users/jonascavalcantineto/.m2/repository/org/springframework/boot/spring-boot-test-autoconfigure/2.2.6.RELEASE/spring-boot-test-autoconfigure-2.2.6.RELEASE.jar:/Users/jonascavalcantineto/.m2/repository/com/jayway/jsonpath/json-path/2.4.0/json-path-2.4.0.jar:/Users/jonascavalcantineto/.m2/repository/net/minidev/json-smart/2.3/json-smart-2.3.jar:/Users/jonascavalcantineto/.m2/repository/net/minidev/accessors-smart/1.2/accessors-smart-1.2.jar:/Users/jonascavalcantineto/.m2/repository/org/ow2/asm/asm/5.0.4/asm-5.0.4.jar:/Users/jonascavalcantineto/.m2/repository/jakarta/xml/bind/jakarta.xml.bind-api/2.3.3/jakarta.xml.bind-api-2.3.3.jar:/Users/jonascavalcantineto/.m2/repository/org/junit/jupiter/junit-jupiter/5.5.2/junit-jupiter-5.5.2.jar:/Users/jonascavalcantineto/.m2/repository/org/junit/jupiter/junit-jupiter-api/5.5.2/junit-jupiter-api-5.5.2.jar:/Users/jonascavalcantineto/.m2/repository/org/apiguardian/apiguardian-api/1.1.0/apiguardian-api-1.1.0.jar:/Users/jonascavalcantineto/.m2/repository/org/opentest4j/opentest4j/1.2.0/opentest4j-1.2.0.jar:/Users/jonascavalcantineto/.m2/repository/org/junit/platform/junit-platform-commons/1.5.2/junit-platform-commons-1.5.2.jar:/Users/jonascavalcantineto/.m2/repository/org/junit/jupiter/junit-jupiter-params/5.5.2/junit-jupiter-params-5.5.2.jar:/Users/jonascavalcantineto/.m2/repository/org/junit/jupiter/junit-jupiter-engine/5.5.2/junit-jupiter-engine-5.5.2.jar:/Users/jonascavalcantineto/.m2/repository/org/junit/platform/junit-platform-engine/1.5.2/junit-platform-engine-1.5.2.jar:/Users/jonascavalcantineto/.m2/repository/org/mockito/mockito-junit-jupiter/3.1.0/mockito-junit-jupiter-3.1.0.jar:/Users/jonascavalcantineto/.m2/repository/org/assertj/assertj-core/3.13.2/assertj-core-3.13.2.jar:/Users/jonascavalcantineto/.m2/repository/org/hamcrest/hamcrest/2.1/hamcrest-2.1.jar:/Users/jonascavalcantineto/.m2/repository/org/mockito/mockito-core/3.1.0/mockito-core-3.1.0.jar:/Users/jonascavalcantineto/.m2/repository/net/bytebuddy/byte-buddy/1.10.8/byte-buddy-1.10.8.jar:/Users/jonascavalcantineto/.m2/repository/net/bytebuddy/byte-buddy-agent/1.10.8/byte-buddy-agent-1.10.8.jar:/Users/jonascavalcantineto/.m2/repository/org/objenesis/objenesis/2.6/objenesis-2.6.jar:/Users/jonascavalcantineto/.m2/repository/org/skyscreamer/jsonassert/1.5.0/jsonassert-1.5.0.jar:/Users/jonascavalcantineto/.m2/repository/com/vaadin/external/google/android-json/0.0.20131108.vaadin1/android-json-0.0.20131108.vaadin1.jar:/Users/jonascavalcantineto/.m2/repository/org/springframework/spring-core/5.2.5.RELEASE/spring-core-5.2.5.RELEASE.jar:/Users/jonascavalcantineto/.m2/repository/org/springframework/spring-jcl/5.2.5.RELEASE/spring-jcl-5.2.5.RELEASE.jar:/Users/jonascavalcantineto/.m2/repository/org/springframework/spring-test/5.2.5.RELEASE/spring-test-5.2.5.RELEASE.jar:/Users/jonascavalcantineto/.m2/repository/org/xmlunit/xmlunit-core/2.6.4/xmlunit-core-2.6.4.jar:/Users/jonascavalcantineto/.m2/repository/com/fasterxml/jackson/dataformat/jackson-dataformat-xml/2.10.3/jackson-dataformat-xml-2.10.3.jar:/Users/jonascavalcantineto/.m2/repository/com/fasterxml/jackson/core/jackson-core/2.10.3/jackson-core-2.10.3.jar:/Users/jonascavalcantineto/.m2/repository/com/fasterxml/jackson/core/jackson-annotations/2.10.3/jackson-annotations-2.10.3.jar:/Users/jonascavalcantineto/.m2/repository/com/fasterxml/jackson/core/jackson-databind/2.10.3/jackson-databind-2.10.3.jar:/Users/jonascavalcantineto/.m2/repository/com/fasterxml/jackson/module/jackson-module-jaxb-annotations/2.10.3/jackson-module-jaxb-annotations-2.10.3.jar:/Users/jonascavalcantineto/.m2/repository/org/codehaus/woodstox/stax2-api/4.2/stax2-api-4.2.jar:/Users/jonascavalcantineto/.m2/repository/com/fasterxml/woodstox/woodstox-core/6.1.1/woodstox-core-6.1.1.jar:/Users/jonascavalcantineto/.m2/repository/org/glassfish/jaxb/jaxb-runtime/2.3.2/jaxb-runtime-2.3.2.jar:/Users/jonascavalcantineto/.m2/repository/org/glassfish/jaxb/txw2/2.3.2/txw2-2.3.2.jar:/Users/jonascavalcantineto/.m2/repository/com/sun/istack/istack-commons-runtime/3.0.8/istack-commons-runtime-3.0.8.jar:/Users/jonascavalcantineto/.m2/repository/org/jvnet/staxex/stax-ex/1.8.1/stax-ex-1.8.1.jar:/Users/jonascavalcantineto/.m2/repository/com/sun/xml/fastinfoset/FastInfoset/1.2.16/FastInfoset-1.2.16.jar:/Users/jonascavalcantineto/.m2/repository/jakarta/activation/jakarta.activation-api/1.2.2/jakarta.activation-api-1.2.2.jar:/Users/jonascavalcantineto/.m2/repository/org/kie/server/kie-server-api/7.0.0.Final/kie-server-api-7.0.0.Final.jar:/Users/jonascavalcantineto/.m2/repository/org/slf4j/slf4j-api/1.7.30/slf4j-api-1.7.30.jar:/Users/jonascavalcantineto/.m2/repository/org/kie/kie-api/7.0.0.Final/kie-api-7.0.0.Final.jar:/Users/jonascavalcantineto/.m2/repository/org/drools/drools-core/7.0.0.Final/drools-core-7.0.0.Final.jar:/Users/jonascavalcantineto/.m2/repository/commons-codec/commons-codec/1.13/commons-codec-1.13.jar:/Users/jonascavalcantineto/.m2/repository/org/optaplanner/optaplanner-core/7.0.0.Final/optaplanner-core-7.0.0.Final.jar:/Users/jonascavalcantineto/.m2/repository/org/apache/commons/commons-math3/3.4.1/commons-math3-3.4.1.jar:/Users/jonascavalcantineto/.m2/repository/com/google/guava/guava/20.0/guava-20.0.jar:/Users/jonascavalcantineto/.m2/repository/org/reflections/reflections/0.9.10/reflections-0.9.10.jar:/Users/jonascavalcantineto/.m2/repository/org/javassist/javassist/3.19.0-GA/javassist-3.19.0-GA.jar:/Users/jonascavalcantineto/.m2/repository/com/google/code/findbugs/annotations/2.0.1/annotations-2.0.1.jar:/Users/jonascavalcantineto/.m2/repository/org/optaplanner/optaplanner-persistence-xstream/7.0.0.Final/optaplanner-persistence-xstream-7.0.0.Final.jar:/Users/jonascavalcantineto/.m2/repository/org/optaplanner/optaplanner-persistence-common/7.0.0.Final/optaplanner-persistence-common-7.0.0.Final.jar:/Users/jonascavalcantineto/.m2/repository/org/optaplanner/optaplanner-persistence-jaxb/7.0.0.Final/optaplanner-persistence-jaxb-7.0.0.Final.jar:/Users/jonascavalcantineto/.m2/repository/org/jboss/spec/javax/xml/bind/jboss-jaxb-api_2.2_spec/1.0.4.Final/jboss-jaxb-api_2.2_spec-1.0.4.Final.jar:/Users/jonascavalcantineto/.m2/repository/javax/activation/activation/1.1.1/activation-1.1.1.jar:/Users/jonascavalcantineto/.m2/repository/org/kie/kie-dmn-api/7.0.0.Final/kie-dmn-api-7.0.0.Final.jar:/Users/jonascavalcantineto/.m2/repository/org/kie/kie-dmn-model/7.0.0.Final/kie-dmn-model-7.0.0.Final.jar:/Users/jonascavalcantineto/.m2/repository/com/thoughtworks/xstream/xstream/1.4.9/xstream-1.4.9.jar:/Users/jonascavalcantineto/.m2/repository/xmlpull/xmlpull/1.1.3.1/xmlpull-1.1.3.1.jar:/Users/jonascavalcantineto/.m2/repository/xpp3/xpp3_min/1.1.4c/xpp3_min-1.1.4c.jar:/Users/jonascavalcantineto/.m2/repository/org/apache/commons/commons-lang3/3.9/commons-lang3-3.9.jar:/Users/jonascavalcantineto/.m2/repository/org/kie/server/kie-server-client/7.0.0.Final/kie-server-client-7.0.0.Final.jar:/Users/jonascavalcantineto/.m2/repository/org/kie/kie-internal/7.0.0.Final/kie-internal-7.0.0.Final.jar:/Users/jonascavalcantineto/.m2/repository/org/jboss/spec/javax/ws/rs/jboss-jaxrs-api_2.0_spec/1.0.0.Final/jboss-jaxrs-api_2.0_spec-1.0.0.Final.jar:/Users/jonascavalcantineto/.m2/repository/org/kie/server/kie-server-common/7.0.0.Final/kie-server-common-7.0.0.Final.jar:/Users/jonascavalcantineto/.m2/repository/org/codehaus/jackson/jackson-xc/1.9.13/jackson-xc-1.9.13.jar:/Users/jonascavalcantineto/.m2/repository/org/codehaus/jackson/jackson-core-asl/1.9.13/jackson-core-asl-1.9.13.jar:/Users/jonascavalcantineto/.m2/repository/org/codehaus/jackson/jackson-mapper-asl/1.9.13/jackson-mapper-asl-1.9.13.jar:/Users/jonascavalcantineto/.m2/repository/org/jboss/spec/javax/jms/jboss-jms-api_2.0_spec/1.0.0.Final/jboss-jms-api_2.0_spec-1.0.0.Final.jar:/Users/jonascavalcantineto/.m2/repository/com/sun/xml/bind/jaxb-core/2.2.11/jaxb-core-2.2.11.jar:/Users/jonascavalcantineto/.m2/repository/com/sun/xml/bind/jaxb-impl/2.2.11/jaxb-impl-2.2.11.jar:/Users/jonascavalcantineto/.m2/repository/org/slf4j/jcl-over-slf4j/1.7.30/jcl-over-slf4j-1.7.30.jar:/Users/jonascavalcantineto/.m2/repository/org/drools/drools-compiler/7.34.0.Final/drools-compiler-7.34.0.Final.jar:/Users/jonascavalcantineto/.m2/repository/org/drools/drools-core-reflective/7.34.0.Final/drools-core-reflective-7.34.0.Final.jar:/Users/jonascavalcantineto/.m2/repository/org/kie/soup/kie-soup-maven-support/7.34.0.Final/kie-soup-maven-support-7.34.0.Final.jar:/Users/jonascavalcantineto/.m2/repository/org/kie/soup/kie-soup-commons/7.34.0.Final/kie-soup-commons-7.34.0.Final.jar:/Users/jonascavalcantineto/.m2/repository/org/antlr/antlr-runtime/3.5.2/antlr-runtime-3.5.2.jar:/Users/jonascavalcantineto/.m2/repository/org/mvel/mvel2/2.4.7.Final/mvel2-2.4.7.Final.jar:/Users/jonascavalcantineto/.m2/repository/com/google/protobuf/protobuf-java/3.6.1/protobuf-java-3.6.1.jar:/Users/jonascavalcantineto/.m2/repository/ch/qos/logback/logback-classic/1.2.3/logback-classic-1.2.3.jar:/Users/jonascavalcantineto/.m2/repository/ch/qos/logback/logback-core/1.2.3/logback-core-1.2.3.jar:"/>
    <property name="java.vm.vendor" value="Oracle Corporation"/>
    <property name="sun.arch.data.model" value="64"/>
    <property name="java.vendor.url" value="http://java.oracle.com/"/>
    <property name="user.timezone" value=""/>
    <property name="java.vm.specification.version" value="1.8"/>
    <property name="os.name" value="Mac OS X"/>
    <property name="user.country" value="US"/>
    <property name="sun.java.launcher" value="SUN_STANDARD"/>
    <property name="sun.boot.library.path" value="/Library/Java/JavaVirtualMachines/jdk1.8.0_201.jdk/Contents/Home/jre/lib"/>
    <property name="sun.java.command" value="/Users/jonascavalcantineto/Downloads/teste-kieserver/target/surefire/surefirebooter5134536252627763513.jar /Users/jonascavalcantineto/Downloads/teste-kieserver/target/surefire 2020-04-01T15-06-41_218-jvmRun1 surefire1888586930572926695tmp surefire_02384657894926942410tmp"/>
    <property name="http.nonProxyHosts" value="local|*.local|169.254/16|*.169.254/16"/>
    <property name="surefire.test.class.path" value="/Users/jonascavalcantineto/Downloads/teste-kieserver/target/test-classes:/Users/jonascavalcantineto/Downloads/teste-kieserver/target/classes:/Users/jonascavalcantineto/.m2/repository/org/springframework/boot/spring-boot-starter-web/2.2.6.RELEASE/spring-boot-starter-web-2.2.6.RELEASE.jar:/Users/jonascavalcantineto/.m2/repository/org/springframework/boot/spring-boot-starter/2.2.6.RELEASE/spring-boot-starter-2.2.6.RELEASE.jar:/Users/jonascavalcantineto/.m2/repository/org/springframework/boot/spring-boot/2.2.6.RELEASE/spring-boot-2.2.6.RELEASE.jar:/Users/jonascavalcantineto/.m2/repository/org/springframework/boot/spring-boot-autoconfigure/2.2.6.RELEASE/spring-boot-autoconfigure-2.2.6.RELEASE.jar:/Users/jonascavalcantineto/.m2/repository/org/springframework/boot/spring-boot-starter-logging/2.2.6.RELEASE/spring-boot-starter-logging-2.2.6.RELEASE.jar:/Users/jonascavalcantineto/.m2/repository/org/apache/logging/log4j/log4j-to-slf4j/2.12.1/log4j-to-slf4j-2.12.1.jar:/Users/jonascavalcantineto/.m2/repository/org/apache/logging/log4j/log4j-api/2.12.1/log4j-api-2.12.1.jar:/Users/jonascavalcantineto/.m2/repository/org/slf4j/jul-to-slf4j/1.7.30/jul-to-slf4j-1.7.30.jar:/Users/jonascavalcantineto/.m2/repository/org/yaml/snakeyaml/1.25/snakeyaml-1.25.jar:/Users/jonascavalcantineto/.m2/repository/org/springframework/boot/spring-boot-starter-json/2.2.6.RELEASE/spring-boot-starter-json-2.2.6.RELEASE.jar:/Users/jonascavalcantineto/.m2/repository/com/fasterxml/jackson/datatype/jackson-datatype-jdk8/2.10.3/jackson-datatype-jdk8-2.10.3.jar:/Users/jonascavalcantineto/.m2/repository/com/fasterxml/jackson/datatype/jackson-datatype-jsr310/2.10.3/jackson-datatype-jsr310-2.10.3.jar:/Users/jonascavalcantineto/.m2/repository/com/fasterxml/jackson/module/jackson-module-parameter-names/2.10.3/jackson-module-parameter-names-2.10.3.jar:/Users/jonascavalcantineto/.m2/repository/org/springframework/boot/spring-boot-starter-validation/2.2.6.RELEASE/spring-boot-starter-validation-2.2.6.RELEASE.jar:/Users/jonascavalcantineto/.m2/repository/jakarta/validation/jakarta.validation-api/2.0.2/jakarta.validation-api-2.0.2.jar:/Users/jonascavalcantineto/.m2/repository/org/hibernate/validator/hibernate-validator/6.0.18.Final/hibernate-validator-6.0.18.Final.jar:/Users/jonascavalcantineto/.m2/repository/org/jboss/logging/jboss-logging/3.4.1.Final/jboss-logging-3.4.1.Final.jar:/Users/jonascavalcantineto/.m2/repository/com/fasterxml/classmate/1.5.1/classmate-1.5.1.jar:/Users/jonascavalcantineto/.m2/repository/org/springframework/spring-web/5.2.5.RELEASE/spring-web-5.2.5.RELEASE.jar:/Users/jonascavalcantineto/.m2/repository/org/springframework/spring-beans/5.2.5.RELEASE/spring-beans-5.2.5.RELEASE.jar:/Users/jonascavalcantineto/.m2/repository/org/springframework/spring-webmvc/5.2.5.RELEASE/spring-webmvc-5.2.5.RELEASE.jar:/Users/jonascavalcantineto/.m2/repository/org/springframework/spring-aop/5.2.5.RELEASE/spring-aop-5.2.5.RELEASE.jar:/Users/jonascavalcantineto/.m2/repository/org/springframework/spring-context/5.2.5.RELEASE/spring-context-5.2.5.RELEASE.jar:/Users/jonascavalcantineto/.m2/repository/org/springframework/spring-expression/5.2.5.RELEASE/spring-expression-5.2.5.RELEASE.jar:/Users/jonascavalcantineto/.m2/repository/org/springframework/boot/spring-boot-starter-tomcat/2.2.6.RELEASE/spring-boot-starter-tomcat-2.2.6.RELEASE.jar:/Users/jonascavalcantineto/.m2/repository/jakarta/annotation/jakarta.annotation-api/1.3.5/jakarta.annotation-api-1.3.5.jar:/Users/jonascavalcantineto/.m2/repository/org/apache/tomcat/embed/tomcat-embed-core/9.0.33/tomcat-embed-core-9.0.33.jar:/Users/jonascavalcantineto/.m2/repository/org/apache/tomcat/embed/tomcat-embed-el/9.0.33/tomcat-embed-el-9.0.33.jar:/Users/jonascavalcantineto/.m2/repository/org/apache/tomcat/embed/tomcat-embed-websocket/9.0.33/tomcat-embed-websocket-9.0.33.jar:/Users/jonascavalcantineto/.m2/repository/org/springframework/boot/spring-boot-starter-test/2.2.6.RELEASE/spring-boot-starter-test-2.2.6.RELEASE.jar:/Users/jonascavalcantineto/.m2/repository/org/springframework/boot/spring-boot-test/2.2.6.RELEASE/spring-boot-test-2.2.6.RELEASE.jar:/Users/jonascavalcantineto/.m2/repository/org/springframework/boot/spring-boot-test-autoconfigure/2.2.6.RELEASE/spring-boot-test-autoconfigure-2.2.6.RELEASE.jar:/Users/jonascavalcantineto/.m2/repository/com/jayway/jsonpath/json-path/2.4.0/json-path-2.4.0.jar:/Users/jonascavalcantineto/.m2/repository/net/minidev/json-smart/2.3/json-smart-2.3.jar:/Users/jonascavalcantineto/.m2/repository/net/minidev/accessors-smart/1.2/accessors-smart-1.2.jar:/Users/jonascavalcantineto/.m2/repository/org/ow2/asm/asm/5.0.4/asm-5.0.4.jar:/Users/jonascavalcantineto/.m2/repository/jakarta/xml/bind/jakarta.xml.bind-api/2.3.3/jakarta.xml.bind-api-2.3.3.jar:/Users/jonascavalcantineto/.m2/repository/org/junit/jupiter/junit-jupiter/5.5.2/junit-jupiter-5.5.2.jar:/Users/jonascavalcantineto/.m2/repository/org/junit/jupiter/junit-jupiter-api/5.5.2/junit-jupiter-api-5.5.2.jar:/Users/jonascavalcantineto/.m2/repository/org/apiguardian/apiguardian-api/1.1.0/apiguardian-api-1.1.0.jar:/Users/jonascavalcantineto/.m2/repository/org/opentest4j/opentest4j/1.2.0/opentest4j-1.2.0.jar:/Users/jonascavalcantineto/.m2/repository/org/junit/platform/junit-platform-commons/1.5.2/junit-platform-commons-1.5.2.jar:/Users/jonascavalcantineto/.m2/repository/org/junit/jupiter/junit-jupiter-params/5.5.2/junit-jupiter-params-5.5.2.jar:/Users/jonascavalcantineto/.m2/repository/org/junit/jupiter/junit-jupiter-engine/5.5.2/junit-jupiter-engine-5.5.2.jar:/Users/jonascavalcantineto/.m2/repository/org/junit/platform/junit-platform-engine/1.5.2/junit-platform-engine-1.5.2.jar:/Users/jonascavalcantineto/.m2/repository/org/mockito/mockito-junit-jupiter/3.1.0/mockito-junit-jupiter-3.1.0.jar:/Users/jonascavalcantineto/.m2/repository/org/assertj/assertj-core/3.13.2/assertj-core-3.13.2.jar:/Users/jonascavalcantineto/.m2/repository/org/hamcrest/hamcrest/2.1/hamcrest-2.1.jar:/Users/jonascavalcantineto/.m2/repository/org/mockito/mockito-core/3.1.0/mockito-core-3.1.0.jar:/Users/jonascavalcantineto/.m2/repository/net/bytebuddy/byte-buddy/1.10.8/byte-buddy-1.10.8.jar:/Users/jonascavalcantineto/.m2/repository/net/bytebuddy/byte-buddy-agent/1.10.8/byte-buddy-agent-1.10.8.jar:/Users/jonascavalcantineto/.m2/repository/org/objenesis/objenesis/2.6/objenesis-2.6.jar:/Users/jonascavalcantineto/.m2/repository/org/skyscreamer/jsonassert/1.5.0/jsonassert-1.5.0.jar:/Users/jonascavalcantineto/.m2/repository/com/vaadin/external/google/android-json/0.0.20131108.vaadin1/android-json-0.0.20131108.vaadin1.jar:/Users/jonascavalcantineto/.m2/repository/org/springframework/spring-core/5.2.5.RELEASE/spring-core-5.2.5.RELEASE.jar:/Users/jonascavalcantineto/.m2/repository/org/springframework/spring-jcl/5.2.5.RELEASE/spring-jcl-5.2.5.RELEASE.jar:/Users/jonascavalcantineto/.m2/repository/org/springframework/spring-test/5.2.5.RELEASE/spring-test-5.2.5.RELEASE.jar:/Users/jonascavalcantineto/.m2/repository/org/xmlunit/xmlunit-core/2.6.4/xmlunit-core-2.6.4.jar:/Users/jonascavalcantineto/.m2/repository/com/fasterxml/jackson/dataformat/jackson-dataformat-xml/2.10.3/jackson-dataformat-xml-2.10.3.jar:/Users/jonascavalcantineto/.m2/repository/com/fasterxml/jackson/core/jackson-core/2.10.3/jackson-core-2.10.3.jar:/Users/jonascavalcantineto/.m2/repository/com/fasterxml/jackson/core/jackson-annotations/2.10.3/jackson-annotations-2.10.3.jar:/Users/jonascavalcantineto/.m2/repository/com/fasterxml/jackson/core/jackson-databind/2.10.3/jackson-databind-2.10.3.jar:/Users/jonascavalcantineto/.m2/repository/com/fasterxml/jackson/module/jackson-module-jaxb-annotations/2.10.3/jackson-module-jaxb-annotations-2.10.3.jar:/Users/jonascavalcantineto/.m2/repository/org/codehaus/woodstox/stax2-api/4.2/stax2-api-4.2.jar:/Users/jonascavalcantineto/.m2/repository/com/fasterxml/woodstox/woodstox-core/6.1.1/woodstox-core-6.1.1.jar:/Users/jonascavalcantineto/.m2/repository/org/glassfish/jaxb/jaxb-runtime/2.3.2/jaxb-runtime-2.3.2.jar:/Users/jonascavalcantineto/.m2/repository/org/glassfish/jaxb/txw2/2.3.2/txw2-2.3.2.jar:/Users/jonascavalcantineto/.m2/repository/com/sun/istack/istack-commons-runtime/3.0.8/istack-commons-runtime-3.0.8.jar:/Users/jonascavalcantineto/.m2/repository/org/jvnet/staxex/stax-ex/1.8.1/stax-ex-1.8.1.jar:/Users/jonascavalcantineto/.m2/repository/com/sun/xml/fastinfoset/FastInfoset/1.2.16/FastInfoset-1.2.16.jar:/Users/jonascavalcantineto/.m2/repository/jakarta/activation/jakarta.activation-api/1.2.2/jakarta.activation-api-1.2.2.jar:/Users/jonascavalcantineto/.m2/repository/org/kie/server/kie-server-api/7.0.0.Final/kie-server-api-7.0.0.Final.jar:/Users/jonascavalcantineto/.m2/repository/org/slf4j/slf4j-api/1.7.30/slf4j-api-1.7.30.jar:/Users/jonascavalcantineto/.m2/repository/org/kie/kie-api/7.0.0.Final/kie-api-7.0.0.Final.jar:/Users/jonascavalcantineto/.m2/repository/org/drools/drools-core/7.0.0.Final/drools-core-7.0.0.Final.jar:/Users/jonascavalcantineto/.m2/repository/commons-codec/commons-codec/1.13/commons-codec-1.13.jar:/Users/jonascavalcantineto/.m2/repository/org/optaplanner/optaplanner-core/7.0.0.Final/optaplanner-core-7.0.0.Final.jar:/Users/jonascavalcantineto/.m2/repository/org/apache/commons/commons-math3/3.4.1/commons-math3-3.4.1.jar:/Users/jonascavalcantineto/.m2/repository/com/google/guava/guava/20.0/guava-20.0.jar:/Users/jonascavalcantineto/.m2/repository/org/reflections/reflections/0.9.10/reflections-0.9.10.jar:/Users/jonascavalcantineto/.m2/repository/org/javassist/javassist/3.19.0-GA/javassist-3.19.0-GA.jar:/Users/jonascavalcantineto/.m2/repository/com/google/code/findbugs/annotations/2.0.1/annotations-2.0.1.jar:/Users/jonascavalcantineto/.m2/repository/org/optaplanner/optaplanner-persistence-xstream/7.0.0.Final/optaplanner-persistence-xstream-7.0.0.Final.jar:/Users/jonascavalcantineto/.m2/repository/org/optaplanner/optaplanner-persistence-common/7.0.0.Final/optaplanner-persistence-common-7.0.0.Final.jar:/Users/jonascavalcantineto/.m2/repository/org/optaplanner/optaplanner-persistence-jaxb/7.0.0.Final/optaplanner-persistence-jaxb-7.0.0.Final.jar:/Users/jonascavalcantineto/.m2/repository/org/jboss/spec/javax/xml/bind/jboss-jaxb-api_2.2_spec/1.0.4.Final/jboss-jaxb-api_2.2_spec-1.0.4.Final.jar:/Users/jonascavalcantineto/.m2/repository/javax/activation/activation/1.1.1/activation-1.1.1.jar:/Users/jonascavalcantineto/.m2/repository/org/kie/kie-dmn-api/7.0.0.Final/kie-dmn-api-7.0.0.Final.jar:/Users/jonascavalcantineto/.m2/repository/org/kie/kie-dmn-model/7.0.0.Final/kie-dmn-model-7.0.0.Final.jar:/Users/jonascavalcantineto/.m2/repository/com/thoughtworks/xstream/xstream/1.4.9/xstream-1.4.9.jar:/Users/jonascavalcantineto/.m2/repository/xmlpull/xmlpull/1.1.3.1/xmlpull-1.1.3.1.jar:/Users/jonascavalcantineto/.m2/repository/xpp3/xpp3_min/1.1.4c/xpp3_min-1.1.4c.jar:/Users/jonascavalcantineto/.m2/repository/org/apache/commons/commons-lang3/3.9/commons-lang3-3.9.jar:/Users/jonascavalcantineto/.m2/repository/org/kie/server/kie-server-client/7.0.0.Final/kie-server-client-7.0.0.Final.jar:/Users/jonascavalcantineto/.m2/repository/org/kie/kie-internal/7.0.0.Final/kie-internal-7.0.0.Final.jar:/Users/jonascavalcantineto/.m2/repository/org/jboss/spec/javax/ws/rs/jboss-jaxrs-api_2.0_spec/1.0.0.Final/jboss-jaxrs-api_2.0_spec-1.0.0.Final.jar:/Users/jonascavalcantineto/.m2/repository/org/kie/server/kie-server-common/7.0.0.Final/kie-server-common-7.0.0.Final.jar:/Users/jonascavalcantineto/.m2/repository/org/codehaus/jackson/jackson-xc/1.9.13/jackson-xc-1.9.13.jar:/Users/jonascavalcantineto/.m2/repository/org/codehaus/jackson/jackson-core-asl/1.9.13/jackson-core-asl-1.9.13.jar:/Users/jonascavalcantineto/.m2/repository/org/codehaus/jackson/jackson-mapper-asl/1.9.13/jackson-mapper-asl-1.9.13.jar:/Users/jonascavalcantineto/.m2/repository/org/jboss/spec/javax/jms/jboss-jms-api_2.0_spec/1.0.0.Final/jboss-jms-api_2.0_spec-1.0.0.Final.jar:/Users/jonascavalcantineto/.m2/repository/com/sun/xml/bind/jaxb-core/2.2.11/jaxb-core-2.2.11.jar:/Users/jonascavalcantineto/.m2/repository/com/sun/xml/bind/jaxb-impl/2.2.11/jaxb-impl-2.2.11.jar:/Users/jonascavalcantineto/.m2/repository/org/slf4j/jcl-over-slf4j/1.7.30/jcl-over-slf4j-1.7.30.jar:/Users/jonascavalcantineto/.m2/repository/org/drools/drools-compiler/7.34.0.Final/drools-compiler-7.34.0.Final.jar:/Users/jonascavalcantineto/.m2/repository/org/drools/drools-core-reflective/7.34.0.Final/drools-core-reflective-7.34.0.Final.jar:/Users/jonascavalcantineto/.m2/repository/org/kie/soup/kie-soup-maven-support/7.34.0.Final/kie-soup-maven-support-7.34.0.Final.jar:/Users/jonascavalcantineto/.m2/repository/org/kie/soup/kie-soup-commons/7.34.0.Final/kie-soup-commons-7.34.0.Final.jar:/Users/jonascavalcantineto/.m2/repository/org/antlr/antlr-runtime/3.5.2/antlr-runtime-3.5.2.jar:/Users/jonascavalcantineto/.m2/repository/org/mvel/mvel2/2.4.7.Final/mvel2-2.4.7.Final.jar:/Users/jonascavalcantineto/.m2/repository/com/google/protobuf/protobuf-java/3.6.1/protobuf-java-3.6.1.jar:/Users/jonascavalcantineto/.m2/repository/ch/qos/logback/logback-classic/1.2.3/logback-classic-1.2.3.jar:/Users/jonascavalcantineto/.m2/repository/ch/qos/logback/logback-core/1.2.3/logback-core-1.2.3.jar:"/>
    <property name="sun.cpu.endian" value="little"/>
    <property name="user.home" value="/Users/jonascavalcantineto"/>
    <property name="user.language" value="en"/>
    <property name="java.specification.vendor" value="Oracle Corporation"/>
    <property name="java.home" value="/Library/Java/JavaVirtualMachines/jdk1.8.0_201.jdk/Contents/Home/jre"/>
    <property name="basedir" value="/Users/jonascavalcantineto/Downloads/teste-kieserver"/>
    <property name="file.separator" value="/"/>
    <property name="line.separator" value="&#10;"/>
    <property name="java.vm.specification.vendor" value="Oracle Corporation"/>
    <property name="java.specification.name" value="Java Platform API Specification"/>
    <property name="java.awt.graphicsenv" value="sun.awt.CGraphicsEnvironment"/>
    <property name="surefire.real.class.path" value="/Users/jonascavalcantineto/Downloads/teste-kieserver/target/surefire/surefirebooter5134536252627763513.jar"/>
    <property name="sun.boot.class.path" value="/Library/Java/JavaVirtualMachines/jdk1.8.0_201.jdk/Contents/Home/jre/lib/resources.jar:/Library/Java/JavaVirtualMachines/jdk1.8.0_201.jdk/Contents/Home/jre/lib/rt.jar:/Library/Java/JavaVirtualMachines/jdk1.8.0_201.jdk/Contents/Home/jre/lib/sunrsasign.jar:/Library/Java/JavaVirtualMachines/jdk1.8.0_201.jdk/Contents/Home/jre/lib/jsse.jar:/Library/Java/JavaVirtualMachines/jdk1.8.0_201.jdk/Contents/Home/jre/lib/jce.jar:/Library/Java/JavaVirtualMachines/jdk1.8.0_201.jdk/Contents/Home/jre/lib/charsets.jar:/Library/Java/JavaVirtualMachines/jdk1.8.0_201.jdk/Contents/Home/jre/lib/jfr.jar:/Library/Java/JavaVirtualMachines/jdk1.8.0_201.jdk/Contents/Home/jre/classes"/>
    <property name="sun.management.compiler" value="HotSpot 64-Bit Tiered Compilers"/>
    <property name="ftp.nonProxyHosts" value="local|*.local|169.254/16|*.169.254/16"/>
    <property name="java.runtime.version" value="1.8.0_201-b09"/>
    <property name="user.name" value="jonascavalcantineto"/>
    <property name="path.separator" value=":"/>
    <property name="os.version" value="10.12.6"/>
    <property name="java.endorsed.dirs" value="/Library/Java/JavaVirtualMachines/jdk1.8.0_201.jdk/Contents/Home/jre/lib/endorsed"/>
    <property name="java.runtime.name" value="Java(TM) SE Runtime Environment"/>
    <property name="file.encoding" value="UTF-8"/>
    <property name="java.vm.name" value="Java HotSpot(TM) 64-Bit Server VM"/>
    <property name="localRepository" value="/Users/jonascavalcantineto/.m2/repository"/>
    <property name="java.vendor.url.bug" value="http://bugreport.sun.com/bugreport/"/>
    <property name="java.io.tmpdir" value="/var/folders/hn/yh8wmq9d35s_bqwvcdjt4tjc0000gn/T/"/>
    <property name="java.version" value="1.8.0_201"/>
    <property name="user.dir" value="/Users/jonascavalcantineto/Downloads/teste-kieserver"/>
    <property name="os.arch" value="x86_64"/>
    <property name="java.vm.specification.name" value="Java Virtual Machine Specification"/>
    <property name="java.awt.printerjob" value="sun.lwawt.macosx.CPrinterJob"/>
    <property name="sun.os.patch.level" value="unknown"/>
    <property name="java.library.path" value="/Users/jonascavalcantineto/Library/Java/Extensions:/Library/Java/Extensions:/Network/Library/Java/Extensions:/System/Library/Java/Extensions:/usr/lib/java:."/>
    <property name="java.vm.info" value="mixed mode"/>
    <property name="java.vendor" value="Oracle Corporation"/>
    <property name="java.vm.version" value="25.201-b09"/>
    <property name="java.ext.dirs" value="/Users/jonascavalcantineto/Library/Java/Extensions:/Library/Java/JavaVirtualMachines/jdk1.8.0_201.jdk/Contents/Home/jre/lib/ext:/Library/Java/Extensions:/Network/Library/Java/Extensions:/System/Library/Java/Extensions:/usr/lib/java"/>
    <property name="sun.io.unicode.encoding" value="UnicodeBig"/>
    <property name="java.class.version" value="52.0"/>
    <property name="socksNonProxyHosts" value="local|*.local|169.254/16|*.169.254/16"/>
  </properties>
  <testcase name="contextLoads" classname="com.redhat.consultingbr.testekieserver.TesteKieserverApplicationTests" time="2.71"/>
</testsuite>